<?xml version="1.0" encoding="UTF-8"?>
<testsuite name="websearch.SearchEngineTest" tests="1" skipped="0" failures="0" errors="0" timestamp="2021-12-03T14:04:43" hostname="dyn3129-229.wlan.ic.ac.uk" time="0.03">
  <properties/>
  <testcase name="can index downloaded pages" classname="websearch.SearchEngineTest" time="0.03"/>
  <system-out><![CDATA[{department=[	 https://www.imperial.ac.uk/computing - 2 references], of=[	 https://www.imperial.ac.uk/computing - 2 references], computing=[	 https://www.imperial.ac.uk/computing - 2 references], welcome=[	 https://www.imperial.ac.uk/computing - 1 references], to=[	 https://www.imperial.ac.uk - 2 references, 	 https://www.imperial.ac.uk/computing - 1 references], the=[	 https://www.imperial.ac.uk - 3 references, 	 https://www.bbc.co.uk/news - 1 references, 	 https://www.imperial.ac.uk/computing - 1 references], at=[	 https://www.imperial.ac.uk/computing - 1 references], imperial=[	 https://www.imperial.ac.uk - 2 references, 	 https://www.imperial.ac.uk/computing - 1 references], college=[	 https://www.imperial.ac.uk - 1 references, 	 https://www.imperial.ac.uk/computing - 1 references], london=[	 https://www.imperial.ac.uk - 1 references, 	 https://www.imperial.ac.uk/computing - 1 references], people=[	 https://www.imperial.ac.uk - 1 references], share=[	 https://www.imperial.ac.uk - 1 references], ideas=[	 https://www.imperial.ac.uk - 1 references], expertise=[	 https://www.imperial.ac.uk - 1 references], and=[	 https://www.imperial.ac.uk - 2 references, 	 https://www.bbc.co.uk/news - 1 references], technology=[	 https://www.imperial.ac.uk - 1 references], find=[	 https://www.imperial.ac.uk - 1 references], answers=[	 https://www.imperial.ac.uk - 1 references], big=[	 https://www.imperial.ac.uk - 1 references], scientific=[	 https://www.imperial.ac.uk - 1 references], questions=[	 https://www.imperial.ac.uk - 1 references], tackle=[	 https://www.imperial.ac.uk - 1 references], global=[	 https://www.imperial.ac.uk - 1 references], challenges=[	 https://www.imperial.ac.uk - 1 references], see=[	 https://www.imperial.ac.uk - 1 references], latest=[	 https://www.bbc.co.uk/news - 1 references, 	 https://www.imperial.ac.uk - 1 references], news=[	 https://www.bbc.co.uk/news - 2 references, 	 https://www.imperial.ac.uk - 1 references], about=[	 https://www.bbc.co.uk/news - 1 references, 	 https://www.imperial.ac.uk - 1 references], our=[	 https://www.imperial.ac.uk - 1 references], research=[	 https://www.imperial.ac.uk - 1 references], on=[	 https://www.imperial.ac.uk - 1 references], bbc=[	 https://www.bbc.co.uk/news - 1 references, 	 https://www.imperial.ac.uk - 1 references], here=[	 https://www.bbc.co.uk/news - 1 references], is=[	 https://www.bbc.co.uk/news - 1 references], all=[	 https://www.bbc.co.uk/news - 1 references], science=[	 https://www.bbc.co.uk/news - 1 references], other=[	 https://www.bbc.co.uk/news - 1 references], things=[	 https://www.bbc.co.uk/news - 1 references]}
]]></system-out>
  <system-err><![CDATA[]]></system-err>
</testsuite>
