<?xml version="1.0" encoding="UTF-8"?>
<testsuite name="websearch.SearchEngineTest" tests="1" skipped="0" failures="0" errors="0" timestamp="2021-12-03T14:14:49" hostname="dyn3129-229.wlan.ic.ac.uk" time="0.013">
  <properties/>
  <testcase name="can index downloaded pages" classname="websearch.SearchEngineTest" time="0.013"/>
  <system-out><![CDATA[]]></system-out>
  <system-err><![CDATA[]]></system-err>
</testsuite>
